xrun(64): 22.03-s001: (c) Copyright 1995-2022 Cadence Design Systems, Inc.
TOOL:	xrun(64)	22.03-s001: Started on Apr 13, 2026 at 19:41:42 MSK
xrun
	-compile
	-64bit
	/home/Stepan/cache/build/../pkg/cache_pkg.sv
	/home/Stepan/cache/build/../rtl/configure_cache.sv
	/home/Stepan/cache/build/../rtl/single_port_ram.sv
	/home/Stepan/cache/build/../tb/tb_configure_cache.sv
	/home/Stepan/cache/build/../rtl/bin_decoder.sv
	/home/Stepan/cache/build/../rtl/onehot_decoder.sv
	/home/Stepan/cache/build/../rtl/plru_calc.sv
	/home/Stepan/cache/build/../rtl/plru_refill.sv
	-xmlibdirpath /home/Stepan/cache/build/work
	-l /home/Stepan/cache/build/compile.log
Recompiling... reason: file '../tb/tb_configure_cache.sv' is newer than expected.
	expected: Mon Apr 13 19:13:28 2026
	actual:   Mon Apr 13 19:41:34 2026
file: /home/Stepan/cache/build/../tb/tb_configure_cache.sv
	module worklib.tb_configure_cache:sv
		errors: 0, warnings: 0
TOOL:	xrun(64)	22.03-s001: Exiting on Apr 13, 2026 at 19:41:43 MSK  (total: 00:00:01)
