xrun(64): 22.03-s001: (c) Copyright 1995-2022 Cadence Design Systems, Inc.
TOOL:	xrun(64)	22.03-s001: Started on Mar 29, 2026 at 19:31:11 MSK
xrun
	-r tb_configure_cache_opt
	-64bit
	-xmlibdirpath /home/Stepan/cache/build/work
	-seed 12557
	-l /home/Stepan/cache/build/run.log
	-gui
	-incdir /home/Stepan/cache/build/../pkg
	-input xlm.tcl
	-input @run
xmsim: *W,NOMTDGUI: Multi-Threaded Dumping is disabled for interactive debug mode.
SVSEED set from command line: 12557
xmsim: *W,DSEM2009: This SystemVerilog design is simulated as per IEEE 1800-2009 SystemVerilog simulation semantics. Use -disable_sem2009 option for turning off SV 2009 simulation semantics.
xmsim: *E,IONOEN: file does not exist, xlm.tcl.

-------------------------------------
Relinquished control to SimVision...
xcelium> 
xcelium> source /local/tools/cadence/XCELIUM/22.03/tools/xcelium/files/xmsimrc
xcelium> run
Simulation complete via $finish(1) at time 85 NS + 1
../tb/tb_configure_cache.sv:53     $finish();
xcelium> database -open waves -into waves.shm -default
Created default SHM database waves
xcelium> probe -create -shm tb_configure_cache.DUT.addr_i tb_configure_cache.DUT.aresetn_i tb_configure_cache.DUT.clk_i tb_configure_cache.DUT.empty_set tb_configure_cache.DUT.evict_way tb_configure_cache.DUT.hit tb_configure_cache.DUT.hit_o tb_configure_cache.DUT.miss_o tb_configure_cache.DUT.read_data tb_configure_cache.DUT.read_data_o tb_configure_cache.DUT.valid_o tb_configure_cache.DUT.valid_out tb_configure_cache.DUT.write_data_i tb_configure_cache.DUT.write_enable tb_configure_cache.DUT.write_enable_i tb_configure_cache.DUT.write_plru_enable tb_configure_cache.DUT.write_way
Created probe 1
xcelium> reset
SVSEED set from command line: 12557
xmsim: *W,DSEM2009: This SystemVerilog design is simulated as per IEEE 1800-2009 SystemVerilog simulation semantics. Use -disable_sem2009 option for turning off SV 2009 simulation semantics.
Loaded snapshot worklib.tb_configure_cache_opt:sv
xcelium> run
Simulation complete via $finish(1) at time 85 NS + 1
../tb/tb_configure_cache.sv:53     $finish();
xcelium> ^C
xcelium> exit
TOOL:	xrun(64)	22.03-s001: Exiting on Mar 29, 2026 at 23:48:44 MSK  (total: 04:17:33)
